ExamenFebrero/TAREAS/TAREA2/Sudoku/app/build/intermediates/manifest_merge_blame_file/debug/manifest-merger-blame-debug-report.txt
1<?xml version="1.0" encoding="utf-8"?>
2<manifest xmlns:android="http://schemas.android.com/apk/res/android"
3    package="com.example.tarea2sodoku"
4    android:versionCode="1"
5    android:versionName="1.0" >
6
7    <uses-sdk
8        android:minSdkVersion="27"
8-->src\main\AndroidManifest.xml
9        android:targetSdkVersion="32" />
9-->src\main\AndroidManifest.xml
10
11    <application
11-->src\main\AndroidManifest.xml:5:5-39:19
12        android:allowBackup="true"
12-->src\main\AndroidManifest.xml:6:9-35
13        android:appComponentFactory="android.support.v4.app.CoreComponentFactory"
13-->[com.android.support:support-compat:28.0.0] AndroidManifest.xml:22:18-91
14        android:dataExtractionRules="@xml/data_extraction_rules"
14-->src\main\AndroidManifest.xml:7:9-65
15        android:debuggable="true"
16        android:extractNativeLibs="false"
17        android:fullBackupContent="@xml/backup_rules"
17-->src\main\AndroidManifest.xml:8:9-54
18        android:icon="@mipmap/ic_launcher"
18-->src\main\AndroidManifest.xml:9:9-43
19        android:label="@string/app_name"
19-->src\main\AndroidManifest.xml:10:9-41
20        android:roundIcon="@mipmap/ic_launcher_round"
20-->src\main\AndroidManifest.xml:11:9-54
21        android:supportsRtl="true"
21-->src\main\AndroidManifest.xml:12:9-35
22        android:testOnly="true"
23        android:theme="@style/Theme.Tarea2Sodoku" >
23-->src\main\AndroidManifest.xml:13:9-50
24        <activity
24-->src\main\AndroidManifest.xml:15:9-23:20
25            android:name="com.example.tarea2sodoku.MenuDificulad"
25-->src\main\AndroidManifest.xml:16:13-42
26            android:exported="false"
26-->src\main\AndroidManifest.xml:19:13-37
27            android:label="@string/titulo_dificultad"
27-->src\main\AndroidManifest.xml:18:13-54
28            android:theme="@style/Theme.AppCompat.Light.Dialog" >
28-->src\main\AndroidManifest.xml:17:13-64
29            <meta-data
29-->src\main\AndroidManifest.xml:20:13-22:36
30                android:name="android.app.lib_name"
30-->src\main\AndroidManifest.xml:21:17-52
31                android:value="" />
31-->src\main\AndroidManifest.xml:22:17-33
32        </activity>
33        <activity
33-->src\main\AndroidManifest.xml:24:9-38:20
34            android:name="com.example.tarea2sodoku.MainActivity"
34-->src\main\AndroidManifest.xml:25:13-41
35            android:exported="true"
35-->src\main\AndroidManifest.xml:26:13-36
36            android:screenOrientation="locked" > <!-- bloquea la orientación de la apicación -->
36-->src\main\AndroidManifest.xml:27:13-47
37            <!-- android:theme="@android:style/Theme.Dialog"> -->
38            <intent-filter>
38-->src\main\AndroidManifest.xml:29:13-33:29
39                <action android:name="android.intent.action.MAIN" />
39-->src\main\AndroidManifest.xml:30:17-69
39-->src\main\AndroidManifest.xml:30:25-66
40
41                <category android:name="android.intent.category.LAUNCHER" />
41-->src\main\AndroidManifest.xml:32:17-77
41-->src\main\AndroidManifest.xml:32:27-74
42            </intent-filter>
43
44            <meta-data
44-->src\main\AndroidManifest.xml:20:13-22:36
45                android:name="android.app.lib_name"
45-->src\main\AndroidManifest.xml:21:17-52
46                android:value="" />
46-->src\main\AndroidManifest.xml:22:17-33
47        </activity>
48    </application>
49
50</manifest>